# JRE version: Java(TM) SE Runtime Environment (8.0_20-b26) (build 1.8.0_20-b26)
# Java VM: Java HotSpot(TM) 64-Bit Server VM (25.20-b23 mixed mode windows-amd64 compressed oops)
Heap:
 PSYoungGen      total 201216K, used 13063K [0x00000000eab00000, 0x00000000fa480000, 0x0000000100000000)
  eden space 180224K, 1% used [0x00000000eab00000,0x00000000ead62688,0x00000000f5b00000)
  from space 20992K, 50% used [0x00000000f6e80000,0x00000000f78df5a0,0x00000000f8300000)
  to   space 19968K, 0% used [0x00000000f5b00000,0x00000000f5b00000,0x00000000f6e80000)
 ParOldGen       total 97280K, used 36285K [0x00000000c0000000, 0x00000000c5f00000, 0x00000000eab00000)
  object space 97280K, 37% used [0x00000000c0000000,0x00000000c236f698,0x00000000c5f00000)
 Metaspace       used 52675K, capacity 54268K, committed 55552K, reserved 1097728K
  class space    used 6976K, capacity 7242K, committed 7680K, reserved 1048576K
GC Heap History (10 events):
Event: 35.443 GC heap before
{Heap before GC invocations=20 (full 3):
 PSYoungGen      total 163840K, used 143872K [0x00000000eab00000, 0x00000000f6900000, 0x0000000100000000)
  eden space 143872K, 100% used [0x00000000eab00000,0x00000000f3780000,0x00000000f3780000)
  from space 19968K, 0% used [0x00000000f4e80000,0x00000000f4e80000,0x00000000f6200000)
  to   space 23552K, 0% used [0x00000000f3780000,0x00000000f3780000,0x00000000f4e80000)
 ParOldGen       total 97280K, used 38203K [0x00000000c0000000, 0x00000000c5f00000, 0x00000000eab00000)
  object space 97280K, 39% used [0x00000000c0000000,0x00000000c254ec78,0x00000000c5f00000)
 Metaspace       used 46048K, capacity 47874K, committed 48000K, reserved 1091584K
  class space    used 6337K, capacity 6770K, committed 6784K, reserved 1048576K
Event: 35.454 GC heap after
Heap after GC invocations=20 (full 3):
 PSYoungGen      total 167424K, used 8287K [0x00000000eab00000, 0x00000000f9800000, 0x0000000100000000)
  eden space 143872K, 0% used [0x00000000eab00000,0x00000000eab00000,0x00000000f3780000)
  from space 23552K, 35% used [0x00000000f3780000,0x00000000f3f97ed8,0x00000000f4e80000)
  to   space 22016K, 0% used [0x00000000f8280000,0x00000000f8280000,0x00000000f9800000)
 ParOldGen       total 97280K, used 38211K [0x00000000c0000000, 0x00000000c5f00000, 0x00000000eab00000)
  object space 97280K, 39% used [0x00000000c0000000,0x00000000c2550c78,0x00000000c5f00000)
 Metaspace       used 46048K, capacity 47874K, committed 48000K, reserved 1091584K
  class space    used 6337K, capacity 6770K, committed 6784K, reserved 1048576K
}
Event: 1055.129 GC heap before
{Heap before GC invocations=21 (full 3):
 PSYoungGen      total 167424K, used 152159K [0x00000000eab00000, 0x00000000f9800000, 0x0000000100000000)
  eden space 143872K, 100% used [0x00000000eab00000,0x00000000f3780000,0x00000000f3780000)
  from space 23552K, 35% used [0x00000000f3780000,0x00000000f3f97ed8,0x00000000f4e80000)
  to   space 22016K, 0% used [0x00000000f8280000,0x00000000f8280000,0x00000000f9800000)
 ParOldGen       total 97280K, used 38211K [0x00000000c0000000, 0x00000000c5f00000, 0x00000000eab00000)
  object space 97280K, 39% used [0x00000000c0000000,0x00000000c2550c78,0x00000000c5f00000)
 Metaspace       used 51580K, capacity 53742K, committed 53888K, reserved 1095680K
  class space    used 7037K, capacity 7522K, committed 7552K, reserved 1048576K
Event: 1055.141 GC heap after
Heap after GC invocations=21 (full 3):
 PSYoungGen      total 188928K, used 11866K [0x00000000eab00000, 0x00000000f8e80000, 0x0000000100000000)
  eden space 176640K, 0% used [0x00000000eab00000,0x00000000eab00000,0x00000000f5780000)
  from space 12288K, 96% used [0x00000000f8280000,0x00000000f8e16968,0x00000000f8e80000)
  to   space 22016K, 0% used [0x00000000f6380000,0x00000000f6380000,0x00000000f7900000)
 ParOldGen       total 97280K, used 38219K [0x00000000c0000000, 0x00000000c5f00000, 0x00000000eab00000)
  object space 97280K, 39% used [0x00000000c0000000,0x00000000c2552c78,0x00000000c5f00000)
 Metaspace       used 51580K, capacity 53742K, committed 53888K, reserved 1095680K
  class space    used 7037K, capacity 7522K, committed 7552K, reserved 1048576K
}
Event: 1058.239 GC heap before
{Heap before GC invocations=22 (full 3):
 PSYoungGen      total 188928K, used 68822K [0x00000000eab00000, 0x00000000f8e80000, 0x0000000100000000)
  eden space 176640K, 32% used [0x00000000eab00000,0x00000000ee29ef40,0x00000000f5780000)
  from space 12288K, 96% used [0x00000000f8280000,0x00000000f8e16968,0x00000000f8e80000)
  to   space 22016K, 0% used [0x00000000f6380000,0x00000000f6380000,0x00000000f7900000)
 ParOldGen       total 97280K, used 38219K [0x00000000c0000000, 0x00000000c5f00000, 0x00000000eab00000)
  object space 97280K, 39% used [0x00000000c0000000,0x00000000c2552c78,0x00000000c5f00000)
 Metaspace       used 53271K, capacity 55380K, committed 55552K, reserved 1097728K
  class space    used 7162K, capacity 7619K, committed 7680K, reserved 1048576K
Event: 1058.253 GC heap after
Heap after GC invocations=22 (full 3):
 PSYoungGen      total 186368K, used 9680K [0x00000000eab00000, 0x00000000f8300000, 0x0000000100000000)
  eden space 176640K, 0% used [0x00000000eab00000,0x00000000eab00000,0x00000000f5780000)
  from space 9728K, 99% used [0x00000000f6380000,0x00000000f6cf4180,0x00000000f6d00000)
  to   space 20992K, 0% used [0x00000000f6e80000,0x00000000f6e80000,0x00000000f8300000)
 ParOldGen       total 97280K, used 38227K [0x00000000c0000000, 0x00000000c5f00000, 0x00000000eab00000)
  object space 97280K, 39% used [0x00000000c0000000,0x00000000c2554c78,0x00000000c5f00000)
 Metaspace       used 53271K, capacity 55380K, committed 55552K, reserved 1097728K
  class space    used 7162K, capacity 7619K, committed 7680K, reserved 1048576K
}
Event: 1058.253 GC heap before
{Heap before GC invocations=23 (full 4):
 PSYoungGen      total 186368K, used 9680K [0x00000000eab00000, 0x00000000f8300000, 0x0000000100000000)
  eden space 176640K, 0% used [0x00000000eab00000,0x00000000eab00000,0x00000000f5780000)
  from space 9728K, 99% used [0x00000000f6380000,0x00000000f6cf4180,0x00000000f6d00000)
  to   space 20992K, 0% used [0x00000000f6e80000,0x00000000f6e80000,0x00000000f8300000)
 ParOldGen       total 97280K, used 38227K [0x00000000c0000000, 0x00000000c5f00000, 0x00000000eab00000)
  object space 97280K, 39% used [0x00000000c0000000,0x00000000c2554c78,0x00000000c5f00000)
 Metaspace       used 53271K, capacity 55380K, committed 55552K, reserved 1097728K
  class space    used 7162K, capacity 7619K, committed 7680K, reserved 1048576K
Event: 1058.512 GC heap after
Heap after GC invocations=23 (full 4):
 PSYoungGen      total 186368K, used 0K [0x00000000eab00000, 0x00000000f8300000, 0x0000000100000000)
  eden space 176640K, 0% used [0x00000000eab00000,0x00000000eab00000,0x00000000f5780000)
  from space 9728K, 0% used [0x00000000f6380000,0x00000000f6380000,0x00000000f6d00000)
  to   space 20992K, 0% used [0x00000000f6e80000,0x00000000f6e80000,0x00000000f8300000)
 ParOldGen       total 97280K, used 36277K [0x00000000c0000000, 0x00000000c5f00000, 0x00000000eab00000)
  object space 97280K, 37% used [0x00000000c0000000,0x00000000c236d698,0x00000000c5f00000)
 Metaspace       used 51928K, capacity 53204K, committed 55552K, reserved 1097728K
  class space    used 6840K, capacity 7013K, committed 7680K, reserved 1048576K
}
Event: 1064.345 GC heap before
{Heap before GC invocations=24 (full 4):
 PSYoungGen      total 186368K, used 176640K [0x00000000eab00000, 0x00000000f8300000, 0x0000000100000000)
  eden space 176640K, 100% used [0x00000000eab00000,0x00000000f5780000,0x00000000f5780000)
  from space 9728K, 0% used [0x00000000f6380000,0x00000000f6380000,0x00000000f6d00000)
  to   space 20992K, 0% used [0x00000000f6e80000,0x00000000f6e80000,0x00000000f8300000)
 ParOldGen       total 97280K, used 36277K [0x00000000c0000000, 0x00000000c5f00000, 0x00000000eab00000)
  object space 97280K, 37% used [0x00000000c0000000,0x00000000c236d698,0x00000000c5f00000)
 Metaspace       used 52675K, capacity 54268K, committed 55552K, reserved 1097728K
  class space    used 6976K, capacity 7242K, committed 7680K, reserved 1048576K
Event: 1064.459 GC heap after
Heap after GC invocations=24 (full 4):
 PSYoungGen      total 201216K, used 10621K [0x00000000eab00000, 0x00000000fa480000, 0x0000000100000000)
  eden space 180224K, 0% used [0x00000000eab00000,0x00000000eab00000,0x00000000f5b00000)
  from space 20992K, 50% used [0x00000000f6e80000,0x00000000f78df5a0,0x00000000f8300000)
  to   space 19968K, 0% used [0x00000000f5b00000,0x00000000f5b00000,0x00000000f6e80000)
 ParOldGen       total 97280K, used 36285K [0x00000000c0000000, 0x00000000c5f00000, 0x00000000eab00000)
  object space 97280K, 37% used [0x00000000c0000000,0x00000000c236f698,0x00000000c5f00000)
 Metaspace       used 52675K, capacity 54268K, committed 55552K, reserved 1097728K
  class space    used 6976K, capacity 7242K, committed 7680K, reserved 1048576K
}

