# JRE version: Java(TM) SE Runtime Environment (8.0_20-b26) (build 1.8.0_20-b26)
# Java VM: Java HotSpot(TM) 64-Bit Server VM (25.20-b23 mixed mode windows-amd64 compressed oops)
Heap:
 PSYoungGen      total 208384K, used 86504K [0x00000000eab00000, 0x00000000f9280000, 0x0000000100000000)
  eden space 188928K, 45% used [0x00000000eab00000,0x00000000eff7a260,0x00000000f6380000)
  from space 19456K, 0% used [0x00000000f7980000,0x00000000f7980000,0x00000000f8c80000)
  to   space 22528K, 0% used [0x00000000f6380000,0x00000000f6380000,0x00000000f7980000)
 ParOldGen       total 100352K, used 34767K [0x00000000c0000000, 0x00000000c6200000, 0x00000000eab00000)
  object space 100352K, 34% used [0x00000000c0000000,0x00000000c21f3e30,0x00000000c6200000)
 Metaspace       used 45854K, capacity 47260K, committed 47488K, reserved 1089536K
  class space    used 6172K, capacity 6420K, committed 6528K, reserved 1048576K
GC Heap History (10 events):
Event: 9.158 GC heap before
{Heap before GC invocations=9 (full 1):
 PSYoungGen      total 140288K, used 76383K [0x00000000eab00000, 0x00000000f5d00000, 0x0000000100000000)
  eden space 129536K, 50% used [0x00000000eab00000,0x00000000eeb19c60,0x00000000f2980000)
  from space 10752K, 99% used [0x00000000f2980000,0x00000000f33fe158,0x00000000f3400000)
  to   space 12288K, 0% used [0x00000000f5100000,0x00000000f5100000,0x00000000f5d00000)
 ParOldGen       total 61952K, used 10656K [0x00000000c0000000, 0x00000000c3c80000, 0x00000000eab00000)
  object space 61952K, 17% used [0x00000000c0000000,0x00000000c0a68268,0x00000000c3c80000)
 Metaspace       used 34667K, capacity 35244K, committed 35456K, reserved 1079296K
  class space    used 4734K, capacity 4890K, committed 4992K, reserved 1048576K
Event: 9.199 GC heap after
Heap after GC invocations=9 (full 1):
 PSYoungGen      total 167424K, used 12273K [0x00000000eab00000, 0x00000000f8680000, 0x0000000100000000)
  eden space 155136K, 0% used [0x00000000eab00000,0x00000000eab00000,0x00000000f4280000)
  from space 12288K, 99% used [0x00000000f5100000,0x00000000f5cfc590,0x00000000f5d00000)
  to   space 14848K, 0% used [0x00000000f4280000,0x00000000f4280000,0x00000000f5100000)
 ParOldGen       total 61952K, used 13224K [0x00000000c0000000, 0x00000000c3c80000, 0x00000000eab00000)
  object space 61952K, 21% used [0x00000000c0000000,0x00000000c0cea068,0x00000000c3c80000)
 Metaspace       used 34667K, capacity 35244K, committed 35456K, reserved 1079296K
  class space    used 4734K, capacity 4890K, committed 4992K, reserved 1048576K
}
Event: 9.199 GC heap before
{Heap before GC invocations=10 (full 2):
 PSYoungGen      total 167424K, used 12273K [0x00000000eab00000, 0x00000000f8680000, 0x0000000100000000)
  eden space 155136K, 0% used [0x00000000eab00000,0x00000000eab00000,0x00000000f4280000)
  from space 12288K, 99% used [0x00000000f5100000,0x00000000f5cfc590,0x00000000f5d00000)
  to   space 14848K, 0% used [0x00000000f4280000,0x00000000f4280000,0x00000000f5100000)
 ParOldGen       total 61952K, used 13224K [0x00000000c0000000, 0x00000000c3c80000, 0x00000000eab00000)
  object space 61952K, 21% used [0x00000000c0000000,0x00000000c0cea068,0x00000000c3c80000)
 Metaspace       used 34667K, capacity 35244K, committed 35456K, reserved 1079296K
  class space    used 4734K, capacity 4890K, committed 4992K, reserved 1048576K
Event: 9.392 GC heap after
Heap after GC invocations=10 (full 2):
 PSYoungGen      total 167424K, used 0K [0x00000000eab00000, 0x00000000f8680000, 0x0000000100000000)
  eden space 155136K, 0% used [0x00000000eab00000,0x00000000eab00000,0x00000000f4280000)
  from space 12288K, 0% used [0x00000000f5100000,0x00000000f5100000,0x00000000f5d00000)
  to   space 14848K, 0% used [0x00000000f4280000,0x00000000f4280000,0x00000000f5100000)
 ParOldGen       total 100352K, used 22912K [0x00000000c0000000, 0x00000000c6200000, 0x00000000eab00000)
  object space 100352K, 22% used [0x00000000c0000000,0x00000000c1660390,0x00000000c6200000)
 Metaspace       used 34667K, capacity 35244K, committed 35456K, reserved 1079296K
  class space    used 4734K, capacity 4890K, committed 4992K, reserved 1048576K
}
Event: 13.541 GC heap before
{Heap before GC invocations=11 (full 2):
 PSYoungGen      total 167424K, used 155136K [0x00000000eab00000, 0x00000000f8680000, 0x0000000100000000)
  eden space 155136K, 100% used [0x00000000eab00000,0x00000000f4280000,0x00000000f4280000)
  from space 12288K, 0% used [0x00000000f5100000,0x00000000f5100000,0x00000000f5d00000)
  to   space 14848K, 0% used [0x00000000f4280000,0x00000000f4280000,0x00000000f5100000)
 ParOldGen       total 100352K, used 22912K [0x00000000c0000000, 0x00000000c6200000, 0x00000000eab00000)
  object space 100352K, 22% used [0x00000000c0000000,0x00000000c1660390,0x00000000c6200000)
 Metaspace       used 42770K, capacity 43730K, committed 43776K, reserved 1087488K
  class space    used 5900K, capacity 6143K, committed 6144K, reserved 1048576K
Event: 13.572 GC heap after
Heap after GC invocations=11 (full 2):
 PSYoungGen      total 169984K, used 14840K [0x00000000eab00000, 0x00000000f8c80000, 0x0000000100000000)
  eden space 155136K, 0% used [0x00000000eab00000,0x00000000eab00000,0x00000000f4280000)
  from space 14848K, 99% used [0x00000000f4280000,0x00000000f50fe210,0x00000000f5100000)
  to   space 19456K, 0% used [0x00000000f7980000,0x00000000f7980000,0x00000000f8c80000)
 ParOldGen       total 100352K, used 28748K [0x00000000c0000000, 0x00000000c6200000, 0x00000000eab00000)
  object space 100352K, 28% used [0x00000000c0000000,0x00000000c1c132a0,0x00000000c6200000)
 Metaspace       used 42770K, capacity 43730K, committed 43776K, reserved 1087488K
  class space    used 5900K, capacity 6143K, committed 6144K, reserved 1048576K
}
Event: 15.670 GC heap before
{Heap before GC invocations=12 (full 2):
 PSYoungGen      total 169984K, used 72791K [0x00000000eab00000, 0x00000000f8c80000, 0x0000000100000000)
  eden space 155136K, 37% used [0x00000000eab00000,0x00000000ee397a50,0x00000000f4280000)
  from space 14848K, 99% used [0x00000000f4280000,0x00000000f50fe210,0x00000000f5100000)
  to   space 19456K, 0% used [0x00000000f7980000,0x00000000f7980000,0x00000000f8c80000)
 ParOldGen       total 100352K, used 28748K [0x00000000c0000000, 0x00000000c6200000, 0x00000000eab00000)
  object space 100352K, 28% used [0x00000000c0000000,0x00000000c1c132a0,0x00000000c6200000)
 Metaspace       used 45054K, capacity 46014K, committed 46336K, reserved 1089536K
  class space    used 6099K, capacity 6306K, committed 6400K, reserved 1048576K
Event: 15.697 GC heap after
Heap after GC invocations=12 (full 2):
 PSYoungGen      total 208384K, used 19435K [0x00000000eab00000, 0x00000000f9280000, 0x0000000100000000)
  eden space 188928K, 0% used [0x00000000eab00000,0x00000000eab00000,0x00000000f6380000)
  from space 19456K, 99% used [0x00000000f7980000,0x00000000f8c7afc8,0x00000000f8c80000)
  to   space 22528K, 0% used [0x00000000f6380000,0x00000000f6380000,0x00000000f7980000)
 ParOldGen       total 100352K, used 30497K [0x00000000c0000000, 0x00000000c6200000, 0x00000000eab00000)
  object space 100352K, 30% used [0x00000000c0000000,0x00000000c1dc84c0,0x00000000c6200000)
 Metaspace       used 45054K, capacity 46014K, committed 46336K, reserved 1089536K
  class space    used 6099K, capacity 6306K, committed 6400K, reserved 1048576K
}
Event: 15.697 GC heap before
{Heap before GC invocations=13 (full 3):
 PSYoungGen      total 208384K, used 19435K [0x00000000eab00000, 0x00000000f9280000, 0x0000000100000000)
  eden space 188928K, 0% used [0x00000000eab00000,0x00000000eab00000,0x00000000f6380000)
  from space 19456K, 99% used [0x00000000f7980000,0x00000000f8c7afc8,0x00000000f8c80000)
  to   space 22528K, 0% used [0x00000000f6380000,0x00000000f6380000,0x00000000f7980000)
 ParOldGen       total 100352K, used 30497K [0x00000000c0000000, 0x00000000c6200000, 0x00000000eab00000)
  object space 100352K, 30% used [0x00000000c0000000,0x00000000c1dc84c0,0x00000000c6200000)
 Metaspace       used 45054K, capacity 46014K, committed 46336K, reserved 1089536K
  class space    used 6099K, capacity 6306K, committed 6400K, reserved 1048576K
Event: 15.896 GC heap after
Heap after GC invocations=13 (full 3):
 PSYoungGen      total 208384K, used 0K [0x00000000eab00000, 0x00000000f9280000, 0x0000000100000000)
  eden space 188928K, 0% used [0x00000000eab00000,0x00000000eab00000,0x00000000f6380000)
  from space 19456K, 0% used [0x00000000f7980000,0x00000000f7980000,0x00000000f8c80000)
  to   space 22528K, 0% used [0x00000000f6380000,0x00000000f6380000,0x00000000f7980000)
 ParOldGen       total 100352K, used 34767K [0x00000000c0000000, 0x00000000c6200000, 0x00000000eab00000)
  object space 100352K, 34% used [0x00000000c0000000,0x00000000c21f3e30,0x00000000c6200000)
 Metaspace       used 45054K, capacity 46014K, committed 46336K, reserved 1089536K
  class space    used 6099K, capacity 6306K, committed 6400K, reserved 1048576K
}

