# JRE version: Java(TM) SE Runtime Environment (8.0_20-b26) (build 1.8.0_20-b26)
# Java VM: Java HotSpot(TM) 64-Bit Server VM (25.20-b23 mixed mode windows-amd64 compressed oops)
Heap:
 PSYoungGen      total 212480K, used 22156K [0x00000000eab00000, 0x00000000fb480000, 0x0000000100000000)
  eden space 189952K, 10% used [0x00000000eab00000,0x00000000ebdeb2a0,0x00000000f6480000)
  from space 22528K, 12% used [0x00000000f6480000,0x00000000f6738000,0x00000000f7a80000)
  to   space 23040K, 0% used [0x00000000f9e00000,0x00000000f9e00000,0x00000000fb480000)
 ParOldGen       total 100352K, used 34831K [0x00000000c0000000, 0x00000000c6200000, 0x00000000eab00000)
  object space 100352K, 34% used [0x00000000c0000000,0x00000000c2203ee0,0x00000000c6200000)
 Metaspace       used 46285K, capacity 47806K, committed 48000K, reserved 1091584K
  class space    used 6188K, capacity 6450K, committed 6528K, reserved 1048576K
GC Heap History (10 events):
Event: 8.937 GC heap before
{Heap before GC invocations=10 (full 2):
 PSYoungGen      total 169472K, used 12257K [0x00000000eab00000, 0x00000000f8580000, 0x0000000100000000)
  eden space 157184K, 0% used [0x00000000eab00000,0x00000000eab00000,0x00000000f4480000)
  from space 12288K, 99% used [0x00000000f5300000,0x00000000f5ef85a0,0x00000000f5f00000)
  to   space 14848K, 0% used [0x00000000f4480000,0x00000000f4480000,0x00000000f5300000)
 ParOldGen       total 61952K, used 14127K [0x00000000c0000000, 0x00000000c3c80000, 0x00000000eab00000)
  object space 61952K, 22% used [0x00000000c0000000,0x00000000c0dcbd48,0x00000000c3c80000)
 Metaspace       used 34665K, capacity 35304K, committed 35456K, reserved 1079296K
  class space    used 4725K, capacity 4890K, committed 4992K, reserved 1048576K
Event: 9.168 GC heap after
Heap after GC invocations=10 (full 2):
 PSYoungGen      total 169472K, used 0K [0x00000000eab00000, 0x00000000f8580000, 0x0000000100000000)
  eden space 157184K, 0% used [0x00000000eab00000,0x00000000eab00000,0x00000000f4480000)
  from space 12288K, 0% used [0x00000000f5300000,0x00000000f5300000,0x00000000f5f00000)
  to   space 14848K, 0% used [0x00000000f4480000,0x00000000f4480000,0x00000000f5300000)
 ParOldGen       total 100352K, used 22887K [0x00000000c0000000, 0x00000000c6200000, 0x00000000eab00000)
  object space 100352K, 22% used [0x00000000c0000000,0x00000000c1659e40,0x00000000c6200000)
 Metaspace       used 34665K, capacity 35304K, committed 35456K, reserved 1079296K
  class space    used 4725K, capacity 4890K, committed 4992K, reserved 1048576K
}
Event: 13.523 GC heap before
{Heap before GC invocations=11 (full 2):
 PSYoungGen      total 169472K, used 157184K [0x00000000eab00000, 0x00000000f8580000, 0x0000000100000000)
  eden space 157184K, 100% used [0x00000000eab00000,0x00000000f4480000,0x00000000f4480000)
  from space 12288K, 0% used [0x00000000f5300000,0x00000000f5300000,0x00000000f5f00000)
  to   space 14848K, 0% used [0x00000000f4480000,0x00000000f4480000,0x00000000f5300000)
 ParOldGen       total 100352K, used 22887K [0x00000000c0000000, 0x00000000c6200000, 0x00000000eab00000)
  object space 100352K, 22% used [0x00000000c0000000,0x00000000c1659e40,0x00000000c6200000)
 Metaspace       used 42780K, capacity 43668K, committed 43776K, reserved 1087488K
  class space    used 5900K, capacity 6144K, committed 6144K, reserved 1048576K
Event: 13.557 GC heap after
Heap after GC invocations=11 (full 2):
 PSYoungGen      total 172032K, used 14841K [0x00000000eab00000, 0x00000000f8d80000, 0x0000000100000000)
  eden space 157184K, 0% used [0x00000000eab00000,0x00000000eab00000,0x00000000f4480000)
  from space 14848K, 99% used [0x00000000f4480000,0x00000000f52fe650,0x00000000f5300000)
  to   space 19456K, 0% used [0x00000000f7a80000,0x00000000f7a80000,0x00000000f8d80000)
 ParOldGen       total 100352K, used 28908K [0x00000000c0000000, 0x00000000c6200000, 0x00000000eab00000)
  object space 100352K, 28% used [0x00000000c0000000,0x00000000c1c3b190,0x00000000c6200000)
 Metaspace       used 42780K, capacity 43668K, committed 43776K, reserved 1087488K
  class space    used 5900K, capacity 6144K, committed 6144K, reserved 1048576K
}
Event: 15.965 GC heap before
{Heap before GC invocations=12 (full 2):
 PSYoungGen      total 172032K, used 84877K [0x00000000eab00000, 0x00000000f8d80000, 0x0000000100000000)
  eden space 157184K, 44% used [0x00000000eab00000,0x00000000eef650e8,0x00000000f4480000)
  from space 14848K, 99% used [0x00000000f4480000,0x00000000f52fe650,0x00000000f5300000)
  to   space 19456K, 0% used [0x00000000f7a80000,0x00000000f7a80000,0x00000000f8d80000)
 ParOldGen       total 100352K, used 28908K [0x00000000c0000000, 0x00000000c6200000, 0x00000000eab00000)
  object space 100352K, 28% used [0x00000000c0000000,0x00000000c1c3b190,0x00000000c6200000)
 Metaspace       used 45033K, capacity 45888K, committed 46080K, reserved 1089536K
  class space    used 6096K, capacity 6307K, committed 6400K, reserved 1048576K
Event: 15.996 GC heap after
Heap after GC invocations=12 (full 2):
 PSYoungGen      total 209408K, used 19448K [0x00000000eab00000, 0x00000000f9380000, 0x0000000100000000)
  eden space 189952K, 0% used [0x00000000eab00000,0x00000000eab00000,0x00000000f6480000)
  from space 19456K, 99% used [0x00000000f7a80000,0x00000000f8d7e1d0,0x00000000f8d80000)
  to   space 22528K, 0% used [0x00000000f6480000,0x00000000f6480000,0x00000000f7a80000)
 ParOldGen       total 100352K, used 30387K [0x00000000c0000000, 0x00000000c6200000, 0x00000000eab00000)
  object space 100352K, 30% used [0x00000000c0000000,0x00000000c1dacde8,0x00000000c6200000)
 Metaspace       used 45033K, capacity 45888K, committed 46080K, reserved 1089536K
  class space    used 6096K, capacity 6307K, committed 6400K, reserved 1048576K
}
Event: 15.996 GC heap before
{Heap before GC invocations=13 (full 3):
 PSYoungGen      total 209408K, used 19448K [0x00000000eab00000, 0x00000000f9380000, 0x0000000100000000)
  eden space 189952K, 0% used [0x00000000eab00000,0x00000000eab00000,0x00000000f6480000)
  from space 19456K, 99% used [0x00000000f7a80000,0x00000000f8d7e1d0,0x00000000f8d80000)
  to   space 22528K, 0% used [0x00000000f6480000,0x00000000f6480000,0x00000000f7a80000)
 ParOldGen       total 100352K, used 30387K [0x00000000c0000000, 0x00000000c6200000, 0x00000000eab00000)
  object space 100352K, 30% used [0x00000000c0000000,0x00000000c1dacde8,0x00000000c6200000)
 Metaspace       used 45033K, capacity 45888K, committed 46080K, reserved 1089536K
  class space    used 6096K, capacity 6307K, committed 6400K, reserved 1048576K
Event: 16.302 GC heap after
Heap after GC invocations=13 (full 3):
 PSYoungGen      total 209408K, used 0K [0x00000000eab00000, 0x00000000f9380000, 0x0000000100000000)
  eden space 189952K, 0% used [0x00000000eab00000,0x00000000eab00000,0x00000000f6480000)
  from space 19456K, 0% used [0x00000000f7a80000,0x00000000f7a80000,0x00000000f8d80000)
  to   space 22528K, 0% used [0x00000000f6480000,0x00000000f6480000,0x00000000f7a80000)
 ParOldGen       total 100352K, used 34823K [0x00000000c0000000, 0x00000000c6200000, 0x00000000eab00000)
  object space 100352K, 34% used [0x00000000c0000000,0x00000000c2201ee0,0x00000000c6200000)
 Metaspace       used 45033K, capacity 45888K, committed 46080K, reserved 1089536K
  class space    used 6096K, capacity 6307K, committed 6400K, reserved 1048576K
}
Event: 41.160 GC heap before
{Heap before GC invocations=14 (full 3):
 PSYoungGen      total 209408K, used 189952K [0x00000000eab00000, 0x00000000f9380000, 0x0000000100000000)
  eden space 189952K, 100% used [0x00000000eab00000,0x00000000f6480000,0x00000000f6480000)
  from space 19456K, 0% used [0x00000000f7a80000,0x00000000f7a80000,0x00000000f8d80000)
  to   space 22528K, 0% used [0x00000000f6480000,0x00000000f6480000,0x00000000f7a80000)
 ParOldGen       total 100352K, used 34823K [0x00000000c0000000, 0x00000000c6200000, 0x00000000eab00000)
  object space 100352K, 34% used [0x00000000c0000000,0x00000000c2201ee0,0x00000000c6200000)
 Metaspace       used 46149K, capacity 47636K, committed 47744K, reserved 1091584K
  class space    used 6184K, capacity 6443K, committed 6528K, reserved 1048576K
Event: 41.167 GC heap after
Heap after GC invocations=14 (full 3):
 PSYoungGen      total 212480K, used 2784K [0x00000000eab00000, 0x00000000fb480000, 0x0000000100000000)
  eden space 189952K, 0% used [0x00000000eab00000,0x00000000eab00000,0x00000000f6480000)
  from space 22528K, 12% used [0x00000000f6480000,0x00000000f6738000,0x00000000f7a80000)
  to   space 23040K, 0% used [0x00000000f9e00000,0x00000000f9e00000,0x00000000fb480000)
 ParOldGen       total 100352K, used 34831K [0x00000000c0000000, 0x00000000c6200000, 0x00000000eab00000)
  object space 100352K, 34% used [0x00000000c0000000,0x00000000c2203ee0,0x00000000c6200000)
 Metaspace       used 46149K, capacity 47636K, committed 47744K, reserved 1091584K
  class space    used 6184K, capacity 6443K, committed 6528K, reserved 1048576K
}

